{"F:\\repository\\simple-rag-app\\frontend\\app\\components\\ChatInput.tsx": {"path":"F:\\repository\\simple-rag-app\\frontend\\app\\components\\ChatInput.tsx","statementMap":{"0":{"start":{"line":15,"column":13},"end":{"line":124,"column":null}},"1":{"start":{"line":16,"column":24},"end":{"line":16,"column":null}},"2":{"start":{"line":17,"column":32},"end":{"line":17,"column":null}},"3":{"start":{"line":18,"column":8},"end":{"line":18,"column":null}},"4":{"start":{"line":21,"column":2},"end":{"line":23,"column":null}},"5":{"start":{"line":21,"column":34},"end":{"line":23,"column":4}},"6":{"start":{"line":22,"column":17},"end":{"line":22,"column":null}},"7":{"start":{"line":26,"column":2},"end":{"line":30,"column":null}},"8":{"start":{"line":27,"column":4},"end":{"line":29,"column":null}},"9":{"start":{"line":28,"column":6},"end":{"line":28,"column":null}},"10":{"start":{"line":33,"column":2},"end":{"line":39,"column":null}},"11":{"start":{"line":34,"column":21},"end":{"line":34,"column":null}},"12":{"start":{"line":35,"column":4},"end":{"line":38,"column":null}},"13":{"start":{"line":36,"column":6},"end":{"line":36,"column":null}},"14":{"start":{"line":37,"column":6},"end":{"line":37,"column":null}},"15":{"start":{"line":41,"column":23},"end":{"line":50,"column":null}},"16":{"start":{"line":42,"column":4},"end":{"line":49,"column":null}},"17":{"start":{"line":43,"column":6},"end":{"line":43,"column":null}},"18":{"start":{"line":44,"column":6},"end":{"line":44,"column":null}},"19":{"start":{"line":46,"column":6},"end":{"line":48,"column":null}},"20":{"start":{"line":47,"column":8},"end":{"line":47,"column":null}},"21":{"start":{"line":52,"column":24},"end":{"line":57,"column":null}},"22":{"start":{"line":53,"column":4},"end":{"line":56,"column":null}},"23":{"start":{"line":54,"column":6},"end":{"line":54,"column":null}},"24":{"start":{"line":55,"column":6},"end":{"line":55,"column":null}},"25":{"start":{"line":59,"column":18},"end":{"line":59,"column":null}},"26":{"start":{"line":61,"column":2},"end":{"line":122,"column":null}},"27":{"start":{"line":75,"column":31},"end":{"line":75,"column":null}},"28":{"start":{"line":77,"column":29},"end":{"line":77,"column":null}},"29":{"start":{"line":78,"column":28},"end":{"line":78,"column":null}}},"fnMap":{"0":{"name":"ChatInput2","decl":{"start":{"line":15,"column":75},"end":{"line":15,"column":85}},"loc":{"start":{"line":15,"column":120},"end":{"line":124,"column":1}},"line":15},"1":{"name":"(anonymous_1)","decl":{"start":{"line":21,"column":27},"end":{"line":21,"column":34}},"loc":{"start":{"line":21,"column":34},"end":{"line":23,"column":4}},"line":21},"2":{"name":"(anonymous_2)","decl":{"start":{"line":22,"column":11},"end":{"line":22,"column":17}},"loc":{"start":{"line":22,"column":17},"end":{"line":22,"column":null}},"line":22},"3":{"name":"(anonymous_3)","decl":{"start":{"line":26,"column":12},"end":{"line":26,"column":18}},"loc":{"start":{"line":26,"column":18},"end":{"line":30,"column":5}},"line":26},"4":{"name":"(anonymous_4)","decl":{"start":{"line":33,"column":12},"end":{"line":33,"column":18}},"loc":{"start":{"line":33,"column":18},"end":{"line":39,"column":5}},"line":33},"5":{"name":"(anonymous_5)","decl":{"start":{"line":41,"column":23},"end":{"line":41,"column":29}},"loc":{"start":{"line":41,"column":29},"end":{"line":50,"column":null}},"line":41},"6":{"name":"(anonymous_6)","decl":{"start":{"line":52,"column":24},"end":{"line":52,"column":25}},"loc":{"start":{"line":52,"column":67},"end":{"line":57,"column":null}},"line":52},"7":{"name":"(anonymous_7)","decl":{"start":{"line":75,"column":24},"end":{"line":75,"column":25}},"loc":{"start":{"line":75,"column":31},"end":{"line":75,"column":null}},"line":75},"8":{"name":"(anonymous_8)","decl":{"start":{"line":77,"column":23},"end":{"line":77,"column":29}},"loc":{"start":{"line":77,"column":29},"end":{"line":77,"column":null}},"line":77},"9":{"name":"(anonymous_9)","decl":{"start":{"line":78,"column":22},"end":{"line":78,"column":28}},"loc":{"start":{"line":78,"column":28},"end":{"line":78,"column":null}},"line":78}},"branchMap":{"0":{"loc":{"start":{"line":15,"column":95},"end":{"line":15,"column":112}},"type":"default-arg","locations":[{"start":{"line":15,"column":106},"end":{"line":15,"column":112}}],"line":15},"1":{"loc":{"start":{"line":27,"column":4},"end":{"line":29,"column":null}},"type":"if","locations":[{"start":{"line":27,"column":4},"end":{"line":29,"column":null}},{"start":{},"end":{}}],"line":27},"2":{"loc":{"start":{"line":27,"column":8},"end":{"line":27,"column":42}},"type":"binary-expr","locations":[{"start":{"line":27,"column":8},"end":{"line":27,"column":21}},{"start":{"line":27,"column":21},"end":{"line":27,"column":42}}],"line":27},"3":{"loc":{"start":{"line":35,"column":4},"end":{"line":38,"column":null}},"type":"if","locations":[{"start":{"line":35,"column":4},"end":{"line":38,"column":null}},{"start":{},"end":{}}],"line":35},"4":{"loc":{"start":{"line":42,"column":4},"end":{"line":49,"column":null}},"type":"if","locations":[{"start":{"line":42,"column":4},"end":{"line":49,"column":null}},{"start":{},"end":{}}],"line":42},"5":{"loc":{"start":{"line":42,"column":8},"end":{"line":42,"column":35}},"type":"binary-expr","locations":[{"start":{"line":42,"column":8},"end":{"line":42,"column":24}},{"start":{"line":42,"column":24},"end":{"line":42,"column":35}}],"line":42},"6":{"loc":{"start":{"line":46,"column":6},"end":{"line":48,"column":null}},"type":"if","locations":[{"start":{"line":46,"column":6},"end":{"line":48,"column":null}},{"start":{},"end":{}}],"line":46},"7":{"loc":{"start":{"line":53,"column":4},"end":{"line":56,"column":null}},"type":"if","locations":[{"start":{"line":53,"column":4},"end":{"line":56,"column":null}},{"start":{},"end":{}}],"line":53},"8":{"loc":{"start":{"line":53,"column":8},"end":{"line":53,"column":42}},"type":"binary-expr","locations":[{"start":{"line":53,"column":8},"end":{"line":53,"column":29}},{"start":{"line":53,"column":29},"end":{"line":53,"column":42}}],"line":53},"9":{"loc":{"start":{"line":59,"column":18},"end":{"line":59,"column":null}},"type":"binary-expr","locations":[{"start":{"line":59,"column":18},"end":{"line":59,"column":34}},{"start":{"line":59,"column":34},"end":{"line":59,"column":null}}],"line":59},"10":{"loc":{"start":{"line":66,"column":12},"end":{"line":68,"column":null}},"type":"cond-expr","locations":[{"start":{"line":67,"column":16},"end":{"line":67,"column":null}},{"start":{"line":68,"column":16},"end":{"line":68,"column":null}}],"line":66},"11":{"loc":{"start":{"line":93,"column":23},"end":{"line":95,"column":null}},"type":"cond-expr","locations":[{"start":{"line":94,"column":27},"end":{"line":94,"column":null}},{"start":{"line":95,"column":27},"end":{"line":95,"column":null}}],"line":93},"12":{"loc":{"start":{"line":101,"column":16},"end":{"line":101,"column":null}},"type":"cond-expr","locations":[{"start":{"line":101,"column":26},"end":{"line":101,"column":46}},{"start":{"line":101,"column":46},"end":{"line":101,"column":null}}],"line":101}},"s":{"0":1,"1":70,"2":70,"3":70,"4":70,"5":0,"6":0,"7":70,"8":11,"9":9,"10":70,"11":60,"12":60,"13":60,"14":60,"15":70,"16":6,"17":4,"18":4,"19":4,"20":4,"21":70,"22":51,"23":5,"24":5,"25":70,"26":70,"27":45,"28":9,"29":1},"f":{"0":70,"1":0,"2":0,"3":11,"4":60,"5":6,"6":51,"7":45,"8":9,"9":1},"b":{"0":[70],"1":[9,2],"2":[11,9],"3":[60,0],"4":[4,2],"5":[6,4],"6":[4,0],"7":[5,46],"8":[51,6],"9":[70,41],"10":[57,13],"11":[41,29],"12":[41,29]},"meta":{"lastBranch":13,"lastFunction":10,"lastStatement":30,"seen":{"s:15:13:124:Infinity":0,"f:15:75:15:85":0,"b:15:106:15:112":0,"s:16:24:16:Infinity":1,"s:17:32:17:Infinity":2,"s:18:8:18:Infinity":3,"s:21:2:23:Infinity":4,"f:21:27:21:34":1,"s:21:34:23:4":5,"f:22:11:22:17":2,"s:22:17:22:Infinity":6,"s:26:2:30:Infinity":7,"f:26:12:26:18":3,"b:27:4:29:Infinity:undefined:undefined:undefined:undefined":1,"s:27:4:29:Infinity":8,"b:27:8:27:21:27:21:27:42":2,"s:28:6:28:Infinity":9,"s:33:2:39:Infinity":10,"f:33:12:33:18":4,"s:34:21:34:Infinity":11,"b:35:4:38:Infinity:undefined:undefined:undefined:undefined":3,"s:35:4:38:Infinity":12,"s:36:6:36:Infinity":13,"s:37:6:37:Infinity":14,"s:41:23:50:Infinity":15,"f:41:23:41:29":5,"b:42:4:49:Infinity:undefined:undefined:undefined:undefined":4,"s:42:4:49:Infinity":16,"b:42:8:42:24:42:24:42:35":5,"s:43:6:43:Infinity":17,"s:44:6:44:Infinity":18,"b:46:6:48:Infinity:undefined:undefined:undefined:undefined":6,"s:46:6:48:Infinity":19,"s:47:8:47:Infinity":20,"s:52:24:57:Infinity":21,"f:52:24:52:25":6,"b:53:4:56:Infinity:undefined:undefined:undefined:undefined":7,"s:53:4:56:Infinity":22,"b:53:8:53:29:53:29:53:42":8,"s:54:6:54:Infinity":23,"s:55:6:55:Infinity":24,"s:59:18:59:Infinity":25,"b:59:18:59:34:59:34:59:Infinity":9,"s:61:2:122:Infinity":26,"b:67:16:67:Infinity:68:16:68:Infinity":10,"f:75:24:75:25":7,"s:75:31:75:Infinity":27,"f:77:23:77:29":8,"s:77:29:77:Infinity":28,"f:78:22:78:28":9,"s:78:28:78:Infinity":29,"b:94:27:94:Infinity:95:27:95:Infinity":11,"b:101:26:101:46:101:46:101:Infinity":12}}}
,"F:\\repository\\simple-rag-app\\frontend\\app\\components\\DocumentUpload.tsx": {"path":"F:\\repository\\simple-rag-app\\frontend\\app\\components\\DocumentUpload.tsx","statementMap":{"0":{"start":{"line":13,"column":34},"end":{"line":13,"column":null}},"1":{"start":{"line":15,"column":8},"end":{"line":18,"column":null}},"2":{"start":{"line":16,"column":4},"end":{"line":16,"column":null}},"3":{"start":{"line":17,"column":4},"end":{"line":17,"column":null}},"4":{"start":{"line":20,"column":8},"end":{"line":23,"column":null}},"5":{"start":{"line":21,"column":4},"end":{"line":21,"column":null}},"6":{"start":{"line":22,"column":4},"end":{"line":22,"column":null}},"7":{"start":{"line":25,"column":8},"end":{"line":38,"column":null}},"8":{"start":{"line":27,"column":6},"end":{"line":27,"column":null}},"9":{"start":{"line":28,"column":6},"end":{"line":28,"column":null}},"10":{"start":{"line":30,"column":20},"end":{"line":30,"column":null}},"11":{"start":{"line":31,"column":23},"end":{"line":31,"column":null}},"12":{"start":{"line":31,"column":43},"end":{"line":31,"column":92}},"13":{"start":{"line":33,"column":6},"end":{"line":35,"column":null}},"14":{"start":{"line":34,"column":8},"end":{"line":34,"column":null}},"15":{"start":{"line":40,"column":8},"end":{"line":53,"column":null}},"16":{"start":{"line":42,"column":20},"end":{"line":42,"column":null}},"17":{"start":{"line":43,"column":6},"end":{"line":43,"column":null}},"18":{"start":{"line":43,"column":18},"end":{"line":43,"column":null}},"19":{"start":{"line":45,"column":6},"end":{"line":47,"column":null}},"20":{"start":{"line":46,"column":8},"end":{"line":46,"column":null}},"21":{"start":{"line":50,"column":6},"end":{"line":50,"column":null}},"22":{"start":{"line":55,"column":2},"end":{"line":133,"column":null}}},"fnMap":{"0":{"name":"DocumentUpload","decl":{"start":{"line":12,"column":16},"end":{"line":12,"column":31}},"loc":{"start":{"line":12,"column":79},"end":{"line":135,"column":null}},"line":12},"1":{"name":"(anonymous_1)","decl":{"start":{"line":15,"column":37},"end":{"line":15,"column":38}},"loc":{"start":{"line":15,"column":61},"end":{"line":18,"column":5}},"line":15},"2":{"name":"(anonymous_2)","decl":{"start":{"line":20,"column":38},"end":{"line":20,"column":39}},"loc":{"start":{"line":20,"column":62},"end":{"line":23,"column":5}},"line":20},"3":{"name":"(anonymous_3)","decl":{"start":{"line":26,"column":4},"end":{"line":26,"column":11}},"loc":{"start":{"line":26,"column":34},"end":{"line":36,"column":null}},"line":26},"4":{"name":"(anonymous_4)","decl":{"start":{"line":31,"column":36},"end":{"line":31,"column":37}},"loc":{"start":{"line":31,"column":43},"end":{"line":31,"column":92}},"line":31},"5":{"name":"(anonymous_5)","decl":{"start":{"line":41,"column":4},"end":{"line":41,"column":11}},"loc":{"start":{"line":41,"column":54},"end":{"line":51,"column":null}},"line":41}},"branchMap":{"0":{"loc":{"start":{"line":31,"column":43},"end":{"line":31,"column":92}},"type":"binary-expr","locations":[{"start":{"line":31,"column":43},"end":{"line":31,"column":70}},{"start":{"line":31,"column":70},"end":{"line":31,"column":92}}],"line":31},"1":{"loc":{"start":{"line":43,"column":6},"end":{"line":43,"column":null}},"type":"if","locations":[{"start":{"line":43,"column":6},"end":{"line":43,"column":null}},{"start":{},"end":{}}],"line":43},"2":{"loc":{"start":{"line":58,"column":8},"end":{"line":60,"column":null}},"type":"cond-expr","locations":[{"start":{"line":59,"column":12},"end":{"line":59,"column":null}},{"start":{"line":60,"column":12},"end":{"line":60,"column":null}}],"line":58},"3":{"loc":{"start":{"line":67,"column":109},"end":{"line":67,"column":159}},"type":"cond-expr","locations":[{"start":{"line":67,"column":122},"end":{"line":67,"column":142}},{"start":{"line":67,"column":142},"end":{"line":67,"column":159}}],"line":67},"4":{"loc":{"start":{"line":68,"column":110},"end":{"line":68,"column":160}},"type":"cond-expr","locations":[{"start":{"line":68,"column":123},"end":{"line":68,"column":143}},{"start":{"line":68,"column":143},"end":{"line":68,"column":160}}],"line":68},"5":{"loc":{"start":{"line":69,"column":112},"end":{"line":69,"column":162}},"type":"cond-expr","locations":[{"start":{"line":69,"column":125},"end":{"line":69,"column":145}},{"start":{"line":69,"column":145},"end":{"line":69,"column":162}}],"line":69},"6":{"loc":{"start":{"line":70,"column":113},"end":{"line":70,"column":163}},"type":"cond-expr","locations":[{"start":{"line":70,"column":126},"end":{"line":70,"column":146}},{"start":{"line":70,"column":146},"end":{"line":70,"column":163}}],"line":70},"7":{"loc":{"start":{"line":72,"column":7},"end":{"line":131,"column":null}},"type":"cond-expr","locations":[{"start":{"line":73,"column":8},"end":{"line":80,"column":null}},{"start":{"line":82,"column":8},"end":{"line":131,"column":null}}],"line":72},"8":{"loc":{"start":{"line":84,"column":12},"end":{"line":86,"column":null}},"type":"cond-expr","locations":[{"start":{"line":85,"column":16},"end":{"line":85,"column":null}},{"start":{"line":86,"column":16},"end":{"line":86,"column":null}}],"line":84},"9":{"loc":{"start":{"line":89,"column":54},"end":{"line":89,"column":100}},"type":"cond-expr","locations":[{"start":{"line":89,"column":67},"end":{"line":89,"column":85}},{"start":{"line":89,"column":85},"end":{"line":89,"column":100}}],"line":89},"10":{"loc":{"start":{"line":102,"column":70},"end":{"line":102,"column":116}},"type":"cond-expr","locations":[{"start":{"line":102,"column":83},"end":{"line":102,"column":101}},{"start":{"line":102,"column":101},"end":{"line":102,"column":116}}],"line":102},"11":{"loc":{"start":{"line":103,"column":13},"end":{"line":103,"column":null}},"type":"cond-expr","locations":[{"start":{"line":103,"column":26},"end":{"line":103,"column":38}},{"start":{"line":103,"column":38},"end":{"line":103,"column":null}}],"line":103}},"s":{"0":14,"1":14,"2":2,"3":2,"4":14,"5":1,"6":1,"7":14,"8":2,"9":2,"10":2,"11":2,"12":5,"13":2,"14":3,"15":14,"16":2,"17":2,"18":0,"19":2,"20":3,"21":2,"22":14},"f":{"0":14,"1":2,"2":1,"3":2,"4":5,"5":2},"b":{"0":[5,3],"1":[0,2],"2":[2,12],"3":[2,12],"4":[2,12],"5":[2,12],"6":[2,12],"7":[1,13],"8":[2,11],"9":[2,11],"10":[2,11],"11":[2,11]},"meta":{"lastBranch":12,"lastFunction":6,"lastStatement":23,"seen":{"f:12:16:12:31":0,"s:13:34:13:Infinity":0,"s:15:8:18:Infinity":1,"f:15:37:15:38":1,"s:16:4:16:Infinity":2,"s:17:4:17:Infinity":3,"s:20:8:23:Infinity":4,"f:20:38:20:39":2,"s:21:4:21:Infinity":5,"s:22:4:22:Infinity":6,"s:25:8:38:Infinity":7,"f:26:4:26:11":3,"s:27:6:27:Infinity":8,"s:28:6:28:Infinity":9,"s:30:20:30:Infinity":10,"s:31:23:31:Infinity":11,"f:31:36:31:37":4,"s:31:43:31:92":12,"b:31:43:31:70:31:70:31:92":0,"s:33:6:35:Infinity":13,"s:34:8:34:Infinity":14,"s:40:8:53:Infinity":15,"f:41:4:41:11":5,"s:42:20:42:Infinity":16,"b:43:6:43:Infinity:undefined:undefined:undefined:undefined":1,"s:43:6:43:Infinity":17,"s:43:18:43:Infinity":18,"s:45:6:47:Infinity":19,"s:46:8:46:Infinity":20,"s:50:6:50:Infinity":21,"s:55:2:133:Infinity":22,"b:59:12:59:Infinity:60:12:60:Infinity":2,"b:67:122:67:142:67:142:67:159":3,"b:68:123:68:143:68:143:68:160":4,"b:69:125:69:145:69:145:69:162":5,"b:70:126:70:146:70:146:70:163":6,"b:73:8:80:Infinity:82:8:131:Infinity":7,"b:85:16:85:Infinity:86:16:86:Infinity":8,"b:89:67:89:85:89:85:89:100":9,"b:102:83:102:101:102:101:102:116":10,"b:103:26:103:38:103:38:103:Infinity":11}}}
,"F:\\repository\\simple-rag-app\\frontend\\app\\components\\LoadingSpinner.tsx": {"path":"F:\\repository\\simple-rag-app\\frontend\\app\\components\\LoadingSpinner.tsx","statementMap":{"0":{"start":{"line":12,"column":22},"end":{"line":16,"column":null}},"1":{"start":{"line":18,"column":2},"end":{"line":25,"column":null}}},"fnMap":{"0":{"name":"LoadingSpinner","decl":{"start":{"line":8,"column":16},"end":{"line":8,"column":31}},"loc":{"start":{"line":11,"column":24},"end":{"line":27,"column":null}},"line":11}},"branchMap":{"0":{"loc":{"start":{"line":9,"column":2},"end":{"line":9,"column":null}},"type":"default-arg","locations":[{"start":{"line":9,"column":9},"end":{"line":9,"column":null}}],"line":9},"1":{"loc":{"start":{"line":10,"column":2},"end":{"line":10,"column":null}},"type":"default-arg","locations":[{"start":{"line":10,"column":14},"end":{"line":10,"column":null}}],"line":10}},"s":{"0":2,"1":2},"f":{"0":2},"b":{"0":[2],"1":[2]},"meta":{"lastBranch":2,"lastFunction":1,"lastStatement":2,"seen":{"f:8:16:8:31":0,"b:9:9:9:Infinity":0,"b:10:14:10:Infinity":1,"s:12:22:16:Infinity":0,"s:18:2:25:Infinity":1}}}
,"F:\\repository\\simple-rag-app\\frontend\\app\\components\\MayaAvatar.tsx": {"path":"F:\\repository\\simple-rag-app\\frontend\\app\\components\\MayaAvatar.tsx","statementMap":{"0":{"start":{"line":10,"column":47},"end":{"line":14,"column":null}},"1":{"start":{"line":17,"column":2},"end":{"line":27,"column":null}}},"fnMap":{"0":{"name":"MayaAvatar","decl":{"start":{"line":16,"column":16},"end":{"line":16,"column":27}},"loc":{"start":{"line":16,"column":66},"end":{"line":29,"column":null}},"line":16}},"branchMap":{"0":{"loc":{"start":{"line":16,"column":36},"end":{"line":16,"column":46}},"type":"default-arg","locations":[{"start":{"line":16,"column":43},"end":{"line":16,"column":46}}],"line":16}},"s":{"0":1,"1":10},"f":{"0":10},"b":{"0":[10]},"meta":{"lastBranch":1,"lastFunction":1,"lastStatement":2,"seen":{"s:10:47:14:Infinity":0,"f:16:16:16:27":0,"b:16:43:16:46":0,"s:17:2:27:Infinity":1}}}
,"F:\\repository\\simple-rag-app\\frontend\\app\\components\\MessageBubble.tsx": {"path":"F:\\repository\\simple-rag-app\\frontend\\app\\components\\MessageBubble.tsx","statementMap":{"0":{"start":{"line":13,"column":24},"end":{"line":13,"column":null}},"1":{"start":{"line":14,"column":16},"end":{"line":14,"column":null}},"2":{"start":{"line":16,"column":2},"end":{"line":27,"column":null}},"3":{"start":{"line":17,"column":4},"end":{"line":25,"column":null}},"4":{"start":{"line":19,"column":6},"end":{"line":19,"column":null}},"5":{"start":{"line":20,"column":6},"end":{"line":23,"column":null}},"6":{"start":{"line":26,"column":4},"end":{"line":26,"column":null}},"7":{"start":{"line":35,"column":17},"end":{"line":35,"column":null}},"8":{"start":{"line":38,"column":35},"end":{"line":42,"column":null}},"9":{"start":{"line":44,"column":2},"end":{"line":54,"column":null}},"10":{"start":{"line":45,"column":4},"end":{"line":52,"column":null}},"11":{"start":{"line":57,"column":2},"end":{"line":114,"column":null}},"12":{"start":{"line":72,"column":33},"end":{"line":74,"column":null}},"13":{"start":{"line":73,"column":14},"end":{"line":73,"column":null}},"14":{"start":{"line":75,"column":12},"end":{"line":75,"column":null}},"15":{"start":{"line":75,"column":43},"end":{"line":75,"column":null}},"16":{"start":{"line":76,"column":12},"end":{"line":101,"column":null}},"17":{"start":{"line":98,"column":20},"end":{"line":98,"column":null}}},"fnMap":{"0":{"name":"renderContentWithCitations","decl":{"start":{"line":12,"column":9},"end":{"line":12,"column":36}},"loc":{"start":{"line":12,"column":70},"end":{"line":28,"column":null}},"line":12},"1":{"name":"(anonymous_1)","decl":{"start":{"line":16,"column":19},"end":{"line":16,"column":20}},"loc":{"start":{"line":16,"column":36},"end":{"line":27,"column":3}},"line":16},"2":{"name":"MessageBubble","decl":{"start":{"line":34,"column":16},"end":{"line":34,"column":30}},"loc":{"start":{"line":34,"column":63},"end":{"line":116,"column":null}},"line":34},"3":{"name":"(anonymous_3)","decl":{"start":{"line":71,"column":61},"end":{"line":71,"column":67}},"loc":{"start":{"line":71,"column":67},"end":{"line":103,"column":13}},"line":71},"4":{"name":"(anonymous_4)","decl":{"start":{"line":72,"column":56},"end":{"line":72,"column":null}},"loc":{"start":{"line":73,"column":14},"end":{"line":73,"column":null}},"line":73},"5":{"name":"(anonymous_5)","decl":{"start":{"line":97,"column":36},"end":{"line":97,"column":37}},"loc":{"start":{"line":98,"column":20},"end":{"line":98,"column":null}},"line":98}},"branchMap":{"0":{"loc":{"start":{"line":17,"column":4},"end":{"line":25,"column":null}},"type":"if","locations":[{"start":{"line":17,"column":4},"end":{"line":25,"column":null}},{"start":{},"end":{}}],"line":17},"1":{"loc":{"start":{"line":38,"column":35},"end":{"line":42,"column":null}},"type":"cond-expr","locations":[{"start":{"line":39,"column":6},"end":{"line":41,"column":null}},{"start":{"line":42,"column":6},"end":{"line":42,"column":null}}],"line":38},"2":{"loc":{"start":{"line":39,"column":6},"end":{"line":41,"column":null}},"type":"cond-expr","locations":[{"start":{"line":40,"column":8},"end":{"line":40,"column":null}},{"start":{"line":41,"column":8},"end":{"line":41,"column":null}}],"line":39},"3":{"loc":{"start":{"line":44,"column":2},"end":{"line":54,"column":null}},"type":"if","locations":[{"start":{"line":44,"column":2},"end":{"line":54,"column":null}},{"start":{},"end":{}}],"line":44},"4":{"loc":{"start":{"line":65,"column":13},"end":{"line":66,"column":null}},"type":"binary-expr","locations":[{"start":{"line":65,"column":13},"end":{"line":65,"column":null}},{"start":{"line":66,"column":14},"end":{"line":66,"column":null}}],"line":65},"5":{"loc":{"start":{"line":71,"column":11},"end":{"line":103,"column":null}},"type":"binary-expr","locations":[{"start":{"line":71,"column":11},"end":{"line":71,"column":30}},{"start":{"line":71,"column":30},"end":{"line":71,"column":61}},{"start":{"line":71,"column":55},"end":{"line":103,"column":null}}],"line":71},"6":{"loc":{"start":{"line":75,"column":12},"end":{"line":75,"column":null}},"type":"if","locations":[{"start":{"line":75,"column":12},"end":{"line":75,"column":null}},{"start":{},"end":{}}],"line":75},"7":{"loc":{"start":{"line":106,"column":11},"end":{"line":110,"column":null}},"type":"binary-expr","locations":[{"start":{"line":106,"column":11},"end":{"line":106,"column":34}},{"start":{"line":106,"column":34},"end":{"line":106,"column":null}},{"start":{"line":107,"column":12},"end":{"line":110,"column":null}}],"line":106}},"s":{"0":10,"1":10,"2":10,"3":16,"4":3,"5":3,"6":13,"7":13,"8":13,"9":13,"10":3,"11":10,"12":4,"13":5,"14":4,"15":1,"16":3,"17":4},"f":{"0":10,"1":16,"2":13,"3":4,"4":5,"5":4},"b":{"0":[3,13],"1":[2,11],"2":[1,1],"3":[3,10],"4":[10,2],"5":[13,4,4],"6":[1,3],"7":[13,2,1]},"meta":{"lastBranch":8,"lastFunction":6,"lastStatement":18,"seen":{"f:12:9:12:36":0,"s:13:24:13:Infinity":0,"s:14:16:14:Infinity":1,"s:16:2:27:Infinity":2,"f:16:19:16:20":1,"b:17:4:25:Infinity:undefined:undefined:undefined:undefined":0,"s:17:4:25:Infinity":3,"s:19:6:19:Infinity":4,"s:20:6:23:Infinity":5,"s:26:4:26:Infinity":6,"f:34:16:34:30":2,"s:35:17:35:Infinity":7,"s:38:35:42:Infinity":8,"b:39:6:41:Infinity:42:6:42:Infinity":1,"b:40:8:40:Infinity:41:8:41:Infinity":2,"b:44:2:54:Infinity:undefined:undefined:undefined:undefined":3,"s:44:2:54:Infinity":9,"s:45:4:52:Infinity":10,"s:57:2:114:Infinity":11,"b:65:13:65:Infinity:66:14:66:Infinity":4,"b:71:11:71:30:71:30:71:61:71:55:103:Infinity":5,"f:71:61:71:67":3,"s:72:33:74:Infinity":12,"f:72:56:72:Infinity":4,"s:73:14:73:Infinity":13,"b:75:12:75:Infinity:undefined:undefined:undefined:undefined":6,"s:75:12:75:Infinity":14,"s:75:43:75:Infinity":15,"s:76:12:101:Infinity":16,"f:97:36:97:37":5,"s:98:20:98:Infinity":17,"b:106:11:106:34:106:34:106:Infinity:107:12:110:Infinity":7}}}
,"F:\\repository\\simple-rag-app\\frontend\\app\\components\\SourceCitation.tsx": {"path":"F:\\repository\\simple-rag-app\\frontend\\app\\components\\SourceCitation.tsx","statementMap":{"0":{"start":{"line":12,"column":36},"end":{"line":12,"column":null}},"1":{"start":{"line":14,"column":2},"end":{"line":91,"column":null}},"2":{"start":{"line":23,"column":28},"end":{"line":23,"column":null}},"3":{"start":{"line":24,"column":28},"end":{"line":24,"column":null}},"4":{"start":{"line":25,"column":23},"end":{"line":25,"column":null}}},"fnMap":{"0":{"name":"SourceCitation","decl":{"start":{"line":11,"column":16},"end":{"line":11,"column":31}},"loc":{"start":{"line":11,"column":64},"end":{"line":93,"column":null}},"line":11},"1":{"name":"(anonymous_1)","decl":{"start":{"line":23,"column":22},"end":{"line":23,"column":28}},"loc":{"start":{"line":23,"column":28},"end":{"line":23,"column":null}},"line":23},"2":{"name":"(anonymous_2)","decl":{"start":{"line":24,"column":22},"end":{"line":24,"column":28}},"loc":{"start":{"line":24,"column":28},"end":{"line":24,"column":null}},"line":24},"3":{"name":"(anonymous_3)","decl":{"start":{"line":25,"column":17},"end":{"line":25,"column":23}},"loc":{"start":{"line":25,"column":23},"end":{"line":25,"column":null}},"line":25}},"branchMap":{"0":{"loc":{"start":{"line":45,"column":7},"end":{"line":89,"column":null}},"type":"binary-expr","locations":[{"start":{"line":45,"column":7},"end":{"line":45,"column":null}},{"start":{"line":46,"column":8},"end":{"line":89,"column":null}}],"line":45}},"s":{"0":4,"1":4,"2":0,"3":0,"4":0},"f":{"0":4,"1":0,"2":0,"3":0},"b":{"0":[4,0]},"meta":{"lastBranch":1,"lastFunction":4,"lastStatement":5,"seen":{"f:11:16:11:31":0,"s:12:36:12:Infinity":0,"s:14:2:91:Infinity":1,"f:23:22:23:28":1,"s:23:28:23:Infinity":2,"f:24:22:24:28":2,"s:24:28:24:Infinity":3,"f:25:17:25:23":3,"s:25:23:25:Infinity":4,"b:45:7:45:Infinity:46:8:89:Infinity":0}}}
,"F:\\repository\\simple-rag-app\\frontend\\hooks\\useChat.ts": {"path":"F:\\repository\\simple-rag-app\\frontend\\hooks\\useChat.ts","statementMap":{"0":{"start":{"line":9,"column":2},"end":{"line":9,"column":null}},"1":{"start":{"line":13,"column":30},"end":{"line":13,"column":null}},"2":{"start":{"line":14,"column":32},"end":{"line":14,"column":null}},"3":{"start":{"line":15,"column":24},"end":{"line":15,"column":null}},"4":{"start":{"line":16,"column":8},"end":{"line":16,"column":null}},"5":{"start":{"line":17,"column":8},"end":{"line":17,"column":null}},"6":{"start":{"line":19,"column":8},"end":{"line":127,"column":null}},"7":{"start":{"line":20,"column":4},"end":{"line":20,"column":null}},"8":{"start":{"line":20,"column":49},"end":{"line":20,"column":null}},"9":{"start":{"line":22,"column":4},"end":{"line":22,"column":null}},"10":{"start":{"line":23,"column":4},"end":{"line":23,"column":null}},"11":{"start":{"line":24,"column":4},"end":{"line":24,"column":null}},"12":{"start":{"line":27,"column":33},"end":{"line":32,"column":null}},"13":{"start":{"line":35,"column":38},"end":{"line":41,"column":null}},"14":{"start":{"line":44,"column":63},"end":{"line":44,"column":null}},"15":{"start":{"line":45,"column":4},"end":{"line":52,"column":null}},"16":{"start":{"line":47,"column":6},"end":{"line":50,"column":null}},"17":{"start":{"line":47,"column":41},"end":{"line":50,"column":8}},"18":{"start":{"line":51,"column":6},"end":{"line":51,"column":null}},"19":{"start":{"line":54,"column":4},"end":{"line":126,"column":null}},"20":{"start":{"line":55,"column":6},"end":{"line":55,"column":null}},"21":{"start":{"line":58,"column":22},"end":{"line":58,"column":null}},"22":{"start":{"line":60,"column":30},"end":{"line":60,"column":null}},"23":{"start":{"line":61,"column":24},"end":{"line":61,"column":null}},"24":{"start":{"line":63,"column":6},"end":{"line":110,"column":null}},"25":{"start":{"line":64,"column":8},"end":{"line":109,"column":null}},"26":{"start":{"line":66,"column":12},"end":{"line":66,"column":null}},"27":{"start":{"line":67,"column":12},"end":{"line":73,"column":null}},"28":{"start":{"line":68,"column":14},"end":{"line":72,"column":null}},"29":{"start":{"line":69,"column":16},"end":{"line":71,"column":null}},"30":{"start":{"line":74,"column":12},"end":{"line":74,"column":null}},"31":{"start":{"line":77,"column":12},"end":{"line":77,"column":null}},"32":{"start":{"line":78,"column":12},"end":{"line":82,"column":null}},"33":{"start":{"line":79,"column":14},"end":{"line":81,"column":null}},"34":{"start":{"line":80,"column":16},"end":{"line":80,"column":null}},"35":{"start":{"line":83,"column":12},"end":{"line":83,"column":null}},"36":{"start":{"line":86,"column":12},"end":{"line":92,"column":null}},"37":{"start":{"line":87,"column":14},"end":{"line":91,"column":null}},"38":{"start":{"line":88,"column":16},"end":{"line":90,"column":null}},"39":{"start":{"line":93,"column":12},"end":{"line":93,"column":null}},"40":{"start":{"line":96,"column":12},"end":{"line":96,"column":null}},"41":{"start":{"line":97,"column":12},"end":{"line":107,"column":null}},"42":{"start":{"line":98,"column":14},"end":{"line":106,"column":null}},"43":{"start":{"line":99,"column":16},"end":{"line":105,"column":null}},"44":{"start":{"line":108,"column":12},"end":{"line":108,"column":null}},"45":{"start":{"line":113,"column":8},"end":{"line":113,"column":null}},"46":{"start":{"line":114,"column":6},"end":{"line":114,"column":null}},"47":{"start":{"line":115,"column":6},"end":{"line":121,"column":null}},"48":{"start":{"line":116,"column":8},"end":{"line":120,"column":null}},"49":{"start":{"line":117,"column":10},"end":{"line":119,"column":null}},"50":{"start":{"line":123,"column":6},"end":{"line":123,"column":null}},"51":{"start":{"line":124,"column":6},"end":{"line":124,"column":null}},"52":{"start":{"line":125,"column":6},"end":{"line":125,"column":null}},"53":{"start":{"line":129,"column":8},"end":{"line":132,"column":null}},"54":{"start":{"line":130,"column":4},"end":{"line":130,"column":null}},"55":{"start":{"line":131,"column":4},"end":{"line":131,"column":null}},"56":{"start":{"line":134,"column":8},"end":{"line":136,"column":null}},"57":{"start":{"line":135,"column":4},"end":{"line":135,"column":null}},"58":{"start":{"line":138,"column":2},"end":{"line":145,"column":null}}},"fnMap":{"0":{"name":"generateId","decl":{"start":{"line":8,"column":9},"end":{"line":8,"column":30}},"loc":{"start":{"line":8,"column":30},"end":{"line":10,"column":null}},"line":8},"1":{"name":"useChat","decl":{"start":{"line":12,"column":16},"end":{"line":12,"column":26}},"loc":{"start":{"line":12,"column":26},"end":{"line":146,"column":null}},"line":12},"2":{"name":"(anonymous_2)","decl":{"start":{"line":19,"column":34},"end":{"line":19,"column":41}},"loc":{"start":{"line":19,"column":61},"end":{"line":127,"column":5}},"line":19},"3":{"name":"(anonymous_3)","decl":{"start":{"line":45,"column":16},"end":{"line":45,"column":17}},"loc":{"start":{"line":45,"column":26},"end":{"line":52,"column":5}},"line":45},"4":{"name":"(anonymous_4)","decl":{"start":{"line":47,"column":33},"end":{"line":47,"column":34}},"loc":{"start":{"line":47,"column":41},"end":{"line":50,"column":8}},"line":47},"5":{"name":"(anonymous_5)","decl":{"start":{"line":67,"column":24},"end":{"line":67,"column":25}},"loc":{"start":{"line":68,"column":14},"end":{"line":72,"column":null}},"line":68},"6":{"name":"(anonymous_6)","decl":{"start":{"line":68,"column":23},"end":{"line":68,"column":24}},"loc":{"start":{"line":69,"column":16},"end":{"line":71,"column":null}},"line":69},"7":{"name":"(anonymous_7)","decl":{"start":{"line":78,"column":24},"end":{"line":78,"column":25}},"loc":{"start":{"line":79,"column":14},"end":{"line":81,"column":null}},"line":79},"8":{"name":"(anonymous_8)","decl":{"start":{"line":79,"column":23},"end":{"line":79,"column":24}},"loc":{"start":{"line":80,"column":16},"end":{"line":80,"column":null}},"line":80},"9":{"name":"(anonymous_9)","decl":{"start":{"line":86,"column":24},"end":{"line":86,"column":25}},"loc":{"start":{"line":87,"column":14},"end":{"line":91,"column":null}},"line":87},"10":{"name":"(anonymous_10)","decl":{"start":{"line":87,"column":23},"end":{"line":87,"column":24}},"loc":{"start":{"line":88,"column":16},"end":{"line":90,"column":null}},"line":88},"11":{"name":"(anonymous_11)","decl":{"start":{"line":97,"column":24},"end":{"line":97,"column":25}},"loc":{"start":{"line":98,"column":14},"end":{"line":106,"column":null}},"line":98},"12":{"name":"(anonymous_12)","decl":{"start":{"line":98,"column":23},"end":{"line":98,"column":24}},"loc":{"start":{"line":99,"column":16},"end":{"line":105,"column":null}},"line":99},"13":{"name":"(anonymous_13)","decl":{"start":{"line":115,"column":18},"end":{"line":115,"column":19}},"loc":{"start":{"line":116,"column":8},"end":{"line":120,"column":null}},"line":116},"14":{"name":"(anonymous_14)","decl":{"start":{"line":116,"column":17},"end":{"line":116,"column":18}},"loc":{"start":{"line":117,"column":10},"end":{"line":119,"column":null}},"line":117},"15":{"name":"(anonymous_15)","decl":{"start":{"line":129,"column":36},"end":{"line":129,"column":42}},"loc":{"start":{"line":129,"column":42},"end":{"line":132,"column":5}},"line":129},"16":{"name":"(anonymous_16)","decl":{"start":{"line":134,"column":33},"end":{"line":134,"column":39}},"loc":{"start":{"line":134,"column":39},"end":{"line":136,"column":5}},"line":134}},"branchMap":{"0":{"loc":{"start":{"line":20,"column":4},"end":{"line":20,"column":null}},"type":"if","locations":[{"start":{"line":20,"column":4},"end":{"line":20,"column":null}},{"start":{},"end":{}}],"line":20},"1":{"loc":{"start":{"line":20,"column":8},"end":{"line":20,"column":49}},"type":"binary-expr","locations":[{"start":{"line":20,"column":8},"end":{"line":20,"column":27}},{"start":{"line":20,"column":27},"end":{"line":20,"column":49}}],"line":20},"2":{"loc":{"start":{"line":64,"column":8},"end":{"line":109,"column":null}},"type":"switch","locations":[{"start":{"line":65,"column":10},"end":{"line":74,"column":null}},{"start":{"line":76,"column":10},"end":{"line":83,"column":null}},{"start":{"line":85,"column":10},"end":{"line":93,"column":null}},{"start":{"line":95,"column":10},"end":{"line":108,"column":null}}],"line":64},"3":{"loc":{"start":{"line":69,"column":16},"end":{"line":71,"column":null}},"type":"cond-expr","locations":[{"start":{"line":70,"column":20},"end":{"line":70,"column":null}},{"start":{"line":71,"column":20},"end":{"line":71,"column":null}}],"line":69},"4":{"loc":{"start":{"line":80,"column":16},"end":{"line":80,"column":null}},"type":"cond-expr","locations":[{"start":{"line":80,"column":47},"end":{"line":80,"column":67}},{"start":{"line":80,"column":67},"end":{"line":80,"column":null}}],"line":80},"5":{"loc":{"start":{"line":88,"column":16},"end":{"line":90,"column":null}},"type":"cond-expr","locations":[{"start":{"line":89,"column":20},"end":{"line":89,"column":null}},{"start":{"line":90,"column":20},"end":{"line":90,"column":null}}],"line":88},"6":{"loc":{"start":{"line":99,"column":16},"end":{"line":105,"column":null}},"type":"cond-expr","locations":[{"start":{"line":100,"column":20},"end":{"line":104,"column":null}},{"start":{"line":105,"column":20},"end":{"line":105,"column":null}}],"line":99},"7":{"loc":{"start":{"line":113,"column":8},"end":{"line":113,"column":null}},"type":"cond-expr","locations":[{"start":{"line":113,"column":31},"end":{"line":113,"column":45}},{"start":{"line":113,"column":45},"end":{"line":113,"column":null}}],"line":113},"8":{"loc":{"start":{"line":117,"column":10},"end":{"line":119,"column":null}},"type":"cond-expr","locations":[{"start":{"line":118,"column":14},"end":{"line":118,"column":null}},{"start":{"line":119,"column":14},"end":{"line":119,"column":null}}],"line":117},"9":{"loc":{"start":{"line":117,"column":10},"end":{"line":117,"column":null}},"type":"binary-expr","locations":[{"start":{"line":117,"column":10},"end":{"line":117,"column":36}},{"start":{"line":117,"column":36},"end":{"line":117,"column":null}}],"line":117}},"s":{"0":14,"1":28,"2":28,"3":28,"4":28,"5":28,"6":28,"7":10,"8":3,"9":7,"10":7,"11":7,"12":7,"13":7,"14":7,"15":7,"16":7,"17":0,"18":7,"19":7,"20":7,"21":7,"22":7,"23":7,"24":7,"25":11,"26":5,"27":5,"28":5,"29":10,"30":5,"31":2,"32":2,"33":2,"34":4,"35":2,"36":2,"37":2,"38":4,"39":2,"40":2,"41":2,"42":2,"43":4,"44":2,"45":1,"46":1,"47":1,"48":1,"49":2,"50":5,"51":5,"52":5,"53":28,"54":1,"55":1,"56":28,"57":1,"58":28},"f":{"0":14,"1":28,"2":10,"3":7,"4":0,"5":5,"6":10,"7":2,"8":4,"9":2,"10":4,"11":2,"12":4,"13":1,"14":2,"15":1,"16":1},"b":{"0":[3,7],"1":[10,8],"2":[5,2,2,2],"3":[5,5],"4":[2,2],"5":[2,2],"6":[2,2],"7":[1,0],"8":[1,1],"9":[2,1]},"meta":{"lastBranch":10,"lastFunction":17,"lastStatement":59,"seen":{"f:8:9:8:30":0,"s:9:2:9:Infinity":0,"f:12:16:12:26":1,"s:13:30:13:Infinity":1,"s:14:32:14:Infinity":2,"s:15:24:15:Infinity":3,"s:16:8:16:Infinity":4,"s:17:8:17:Infinity":5,"s:19:8:127:Infinity":6,"f:19:34:19:41":2,"b:20:4:20:Infinity:undefined:undefined:undefined:undefined":0,"s:20:4:20:Infinity":7,"b:20:8:20:27:20:27:20:49":1,"s:20:49:20:Infinity":8,"s:22:4:22:Infinity":9,"s:23:4:23:Infinity":10,"s:24:4:24:Infinity":11,"s:27:33:32:Infinity":12,"s:35:38:41:Infinity":13,"s:44:63:44:Infinity":14,"s:45:4:52:Infinity":15,"f:45:16:45:17":3,"s:47:6:50:Infinity":16,"f:47:33:47:34":4,"s:47:41:50:8":17,"s:51:6:51:Infinity":18,"s:54:4:126:Infinity":19,"s:55:6:55:Infinity":20,"s:58:22:58:Infinity":21,"s:60:30:60:Infinity":22,"s:61:24:61:Infinity":23,"s:63:6:110:Infinity":24,"b:65:10:74:Infinity:76:10:83:Infinity:85:10:93:Infinity:95:10:108:Infinity":2,"s:64:8:109:Infinity":25,"s:66:12:66:Infinity":26,"s:67:12:73:Infinity":27,"f:67:24:67:25":5,"s:68:14:72:Infinity":28,"f:68:23:68:24":6,"s:69:16:71:Infinity":29,"b:70:20:70:Infinity:71:20:71:Infinity":3,"s:74:12:74:Infinity":30,"s:77:12:77:Infinity":31,"s:78:12:82:Infinity":32,"f:78:24:78:25":7,"s:79:14:81:Infinity":33,"f:79:23:79:24":8,"s:80:16:80:Infinity":34,"b:80:47:80:67:80:67:80:Infinity":4,"s:83:12:83:Infinity":35,"s:86:12:92:Infinity":36,"f:86:24:86:25":9,"s:87:14:91:Infinity":37,"f:87:23:87:24":10,"s:88:16:90:Infinity":38,"b:89:20:89:Infinity:90:20:90:Infinity":5,"s:93:12:93:Infinity":39,"s:96:12:96:Infinity":40,"s:97:12:107:Infinity":41,"f:97:24:97:25":11,"s:98:14:106:Infinity":42,"f:98:23:98:24":12,"s:99:16:105:Infinity":43,"b:100:20:104:Infinity:105:20:105:Infinity":6,"s:108:12:108:Infinity":44,"s:113:8:113:Infinity":45,"b:113:31:113:45:113:45:113:Infinity":7,"s:114:6:114:Infinity":46,"s:115:6:121:Infinity":47,"f:115:18:115:19":13,"s:116:8:120:Infinity":48,"f:116:17:116:18":14,"s:117:10:119:Infinity":49,"b:118:14:118:Infinity:119:14:119:Infinity":8,"b:117:10:117:36:117:36:117:Infinity":9,"s:123:6:123:Infinity":50,"s:124:6:124:Infinity":51,"s:125:6:125:Infinity":52,"s:129:8:132:Infinity":53,"f:129:36:129:42":15,"s:130:4:130:Infinity":54,"s:131:4:131:Infinity":55,"s:134:8:136:Infinity":56,"f:134:33:134:39":16,"s:135:4:135:Infinity":57,"s:138:2:145:Infinity":58}}}
,"F:\\repository\\simple-rag-app\\frontend\\hooks\\useDocuments.ts": {"path":"F:\\repository\\simple-rag-app\\frontend\\hooks\\useDocuments.ts","statementMap":{"0":{"start":{"line":14,"column":32},"end":{"line":14,"column":null}},"1":{"start":{"line":15,"column":32},"end":{"line":15,"column":null}},"2":{"start":{"line":16,"column":36},"end":{"line":16,"column":null}},"3":{"start":{"line":17,"column":38},"end":{"line":17,"column":null}},"4":{"start":{"line":18,"column":24},"end":{"line":18,"column":null}},"5":{"start":{"line":20,"column":8},"end":{"line":31,"column":null}},"6":{"start":{"line":21,"column":4},"end":{"line":21,"column":null}},"7":{"start":{"line":22,"column":4},"end":{"line":22,"column":null}},"8":{"start":{"line":23,"column":4},"end":{"line":30,"column":null}},"9":{"start":{"line":24,"column":19},"end":{"line":24,"column":null}},"10":{"start":{"line":25,"column":6},"end":{"line":25,"column":null}},"11":{"start":{"line":27,"column":6},"end":{"line":27,"column":null}},"12":{"start":{"line":29,"column":6},"end":{"line":29,"column":null}},"13":{"start":{"line":33,"column":8},"end":{"line":58,"column":null}},"14":{"start":{"line":35,"column":4},"end":{"line":38,"column":null}},"15":{"start":{"line":36,"column":6},"end":{"line":36,"column":null}},"16":{"start":{"line":37,"column":6},"end":{"line":37,"column":null}},"17":{"start":{"line":40,"column":4},"end":{"line":43,"column":null}},"18":{"start":{"line":41,"column":6},"end":{"line":41,"column":null}},"19":{"start":{"line":42,"column":6},"end":{"line":42,"column":null}},"20":{"start":{"line":45,"column":4},"end":{"line":45,"column":null}},"21":{"start":{"line":46,"column":4},"end":{"line":46,"column":null}},"22":{"start":{"line":48,"column":4},"end":{"line":57,"column":null}},"23":{"start":{"line":49,"column":6},"end":{"line":49,"column":null}},"24":{"start":{"line":50,"column":6},"end":{"line":50,"column":null}},"25":{"start":{"line":51,"column":6},"end":{"line":51,"column":null}},"26":{"start":{"line":53,"column":6},"end":{"line":53,"column":null}},"27":{"start":{"line":54,"column":6},"end":{"line":54,"column":null}},"28":{"start":{"line":56,"column":6},"end":{"line":56,"column":null}},"29":{"start":{"line":60,"column":8},"end":{"line":70,"column":null}},"30":{"start":{"line":61,"column":4},"end":{"line":61,"column":null}},"31":{"start":{"line":62,"column":4},"end":{"line":69,"column":null}},"32":{"start":{"line":63,"column":6},"end":{"line":63,"column":null}},"33":{"start":{"line":64,"column":6},"end":{"line":64,"column":null}},"34":{"start":{"line":65,"column":6},"end":{"line":65,"column":null}},"35":{"start":{"line":67,"column":6},"end":{"line":67,"column":null}},"36":{"start":{"line":68,"column":6},"end":{"line":68,"column":null}},"37":{"start":{"line":72,"column":8},"end":{"line":85,"column":null}},"38":{"start":{"line":73,"column":4},"end":{"line":73,"column":null}},"39":{"start":{"line":74,"column":4},"end":{"line":74,"column":null}},"40":{"start":{"line":75,"column":4},"end":{"line":84,"column":null}},"41":{"start":{"line":76,"column":21},"end":{"line":76,"column":null}},"42":{"start":{"line":77,"column":6},"end":{"line":77,"column":null}},"43":{"start":{"line":78,"column":6},"end":{"line":78,"column":null}},"44":{"start":{"line":80,"column":6},"end":{"line":80,"column":null}},"45":{"start":{"line":81,"column":6},"end":{"line":81,"column":null}},"46":{"start":{"line":83,"column":6},"end":{"line":83,"column":null}},"47":{"start":{"line":87,"column":8},"end":{"line":89,"column":null}},"48":{"start":{"line":88,"column":4},"end":{"line":88,"column":null}},"49":{"start":{"line":92,"column":2},"end":{"line":94,"column":null}},"50":{"start":{"line":93,"column":4},"end":{"line":93,"column":null}},"51":{"start":{"line":97,"column":26},"end":{"line":97,"column":null}},"52":{"start":{"line":97,"column":50},"end":{"line":97,"column":69}},"53":{"start":{"line":98,"column":28},"end":{"line":98,"column":null}},"54":{"start":{"line":98,"column":52},"end":{"line":98,"column":73}},"55":{"start":{"line":100,"column":2},"end":{"line":113,"column":null}}},"fnMap":{"0":{"name":"useDocuments","decl":{"start":{"line":13,"column":16},"end":{"line":13,"column":31}},"loc":{"start":{"line":13,"column":31},"end":{"line":114,"column":null}},"line":13},"1":{"name":"(anonymous_1)","decl":{"start":{"line":20,"column":36},"end":{"line":20,"column":48}},"loc":{"start":{"line":20,"column":48},"end":{"line":31,"column":5}},"line":20},"2":{"name":"(anonymous_2)","decl":{"start":{"line":33,"column":29},"end":{"line":33,"column":36}},"loc":{"start":{"line":33,"column":51},"end":{"line":58,"column":5}},"line":33},"3":{"name":"(anonymous_3)","decl":{"start":{"line":60,"column":29},"end":{"line":60,"column":36}},"loc":{"start":{"line":60,"column":54},"end":{"line":70,"column":5}},"line":60},"4":{"name":"(anonymous_4)","decl":{"start":{"line":72,"column":30},"end":{"line":72,"column":42}},"loc":{"start":{"line":72,"column":42},"end":{"line":85,"column":5}},"line":72},"5":{"name":"(anonymous_5)","decl":{"start":{"line":87,"column":33},"end":{"line":87,"column":39}},"loc":{"start":{"line":87,"column":39},"end":{"line":89,"column":5}},"line":87},"6":{"name":"(anonymous_6)","decl":{"start":{"line":92,"column":12},"end":{"line":92,"column":18}},"loc":{"start":{"line":92,"column":18},"end":{"line":94,"column":5}},"line":92},"7":{"name":"(anonymous_7)","decl":{"start":{"line":97,"column":43},"end":{"line":97,"column":44}},"loc":{"start":{"line":97,"column":50},"end":{"line":97,"column":69}},"line":97},"8":{"name":"(anonymous_8)","decl":{"start":{"line":98,"column":45},"end":{"line":98,"column":46}},"loc":{"start":{"line":98,"column":52},"end":{"line":98,"column":73}},"line":98}},"branchMap":{"0":{"loc":{"start":{"line":27,"column":15},"end":{"line":27,"column":72}},"type":"cond-expr","locations":[{"start":{"line":27,"column":38},"end":{"line":27,"column":52}},{"start":{"line":27,"column":52},"end":{"line":27,"column":72}}],"line":27},"1":{"loc":{"start":{"line":35,"column":4},"end":{"line":38,"column":null}},"type":"if","locations":[{"start":{"line":35,"column":4},"end":{"line":38,"column":null}},{"start":{},"end":{}}],"line":35},"2":{"loc":{"start":{"line":35,"column":8},"end":{"line":35,"column":67}},"type":"binary-expr","locations":[{"start":{"line":35,"column":8},"end":{"line":35,"column":39}},{"start":{"line":35,"column":39},"end":{"line":35,"column":67}}],"line":35},"3":{"loc":{"start":{"line":40,"column":4},"end":{"line":43,"column":null}},"type":"if","locations":[{"start":{"line":40,"column":4},"end":{"line":43,"column":null}},{"start":{},"end":{}}],"line":40},"4":{"loc":{"start":{"line":53,"column":15},"end":{"line":53,"column":71}},"type":"cond-expr","locations":[{"start":{"line":53,"column":38},"end":{"line":53,"column":52}},{"start":{"line":53,"column":52},"end":{"line":53,"column":71}}],"line":53},"5":{"loc":{"start":{"line":67,"column":15},"end":{"line":67,"column":71}},"type":"cond-expr","locations":[{"start":{"line":67,"column":38},"end":{"line":67,"column":52}},{"start":{"line":67,"column":52},"end":{"line":67,"column":71}}],"line":67},"6":{"loc":{"start":{"line":80,"column":15},"end":{"line":80,"column":71}},"type":"cond-expr","locations":[{"start":{"line":80,"column":38},"end":{"line":80,"column":52}},{"start":{"line":80,"column":52},"end":{"line":80,"column":71}}],"line":80}},"s":{"0":54,"1":54,"2":54,"3":54,"4":54,"5":54,"6":20,"7":20,"8":20,"9":20,"10":19,"11":1,"12":20,"13":54,"14":6,"15":2,"16":2,"17":4,"18":1,"19":1,"20":3,"21":3,"22":3,"23":3,"24":3,"25":3,"26":0,"27":0,"28":3,"29":54,"30":2,"31":2,"32":2,"33":1,"34":1,"35":1,"36":1,"37":54,"38":3,"39":3,"40":3,"41":3,"42":2,"43":2,"44":1,"45":1,"46":3,"47":54,"48":1,"49":54,"50":14,"51":54,"52":50,"53":54,"54":50,"55":54},"f":{"0":54,"1":20,"2":6,"3":2,"4":3,"5":1,"6":14,"7":50,"8":50},"b":{"0":[1,0],"1":[2,4],"2":[6,3],"3":[1,3],"4":[0,0],"5":[1,0],"6":[1,0]},"meta":{"lastBranch":7,"lastFunction":9,"lastStatement":56,"seen":{"f:13:16:13:31":0,"s:14:32:14:Infinity":0,"s:15:32:15:Infinity":1,"s:16:36:16:Infinity":2,"s:17:38:17:Infinity":3,"s:18:24:18:Infinity":4,"s:20:8:31:Infinity":5,"f:20:36:20:48":1,"s:21:4:21:Infinity":6,"s:22:4:22:Infinity":7,"s:23:4:30:Infinity":8,"s:24:19:24:Infinity":9,"s:25:6:25:Infinity":10,"s:27:6:27:Infinity":11,"b:27:38:27:52:27:52:27:72":0,"s:29:6:29:Infinity":12,"s:33:8:58:Infinity":13,"f:33:29:33:36":2,"b:35:4:38:Infinity:undefined:undefined:undefined:undefined":1,"s:35:4:38:Infinity":14,"b:35:8:35:39:35:39:35:67":2,"s:36:6:36:Infinity":15,"s:37:6:37:Infinity":16,"b:40:4:43:Infinity:undefined:undefined:undefined:undefined":3,"s:40:4:43:Infinity":17,"s:41:6:41:Infinity":18,"s:42:6:42:Infinity":19,"s:45:4:45:Infinity":20,"s:46:4:46:Infinity":21,"s:48:4:57:Infinity":22,"s:49:6:49:Infinity":23,"s:50:6:50:Infinity":24,"s:51:6:51:Infinity":25,"s:53:6:53:Infinity":26,"b:53:38:53:52:53:52:53:71":4,"s:54:6:54:Infinity":27,"s:56:6:56:Infinity":28,"s:60:8:70:Infinity":29,"f:60:29:60:36":3,"s:61:4:61:Infinity":30,"s:62:4:69:Infinity":31,"s:63:6:63:Infinity":32,"s:64:6:64:Infinity":33,"s:65:6:65:Infinity":34,"s:67:6:67:Infinity":35,"b:67:38:67:52:67:52:67:71":5,"s:68:6:68:Infinity":36,"s:72:8:85:Infinity":37,"f:72:30:72:42":4,"s:73:4:73:Infinity":38,"s:74:4:74:Infinity":39,"s:75:4:84:Infinity":40,"s:76:21:76:Infinity":41,"s:77:6:77:Infinity":42,"s:78:6:78:Infinity":43,"s:80:6:80:Infinity":44,"b:80:38:80:52:80:52:80:71":6,"s:81:6:81:Infinity":45,"s:83:6:83:Infinity":46,"s:87:8:89:Infinity":47,"f:87:33:87:39":5,"s:88:4:88:Infinity":48,"s:92:2:94:Infinity":49,"f:92:12:92:18":6,"s:93:4:93:Infinity":50,"s:97:26:97:Infinity":51,"f:97:43:97:44":7,"s:97:50:97:69":52,"s:98:28:98:Infinity":53,"f:98:45:98:46":8,"s:98:52:98:73":54,"s:100:2:113:Infinity":55}}}
,"F:\\repository\\simple-rag-app\\frontend\\hooks\\useServerStatus.ts": {"path":"F:\\repository\\simple-rag-app\\frontend\\hooks\\useServerStatus.ts","statementMap":{"0":{"start":{"line":10,"column":26},"end":{"line":10,"column":null}},"1":{"start":{"line":11,"column":34},"end":{"line":11,"column":null}},"2":{"start":{"line":12,"column":34},"end":{"line":12,"column":null}},"3":{"start":{"line":14,"column":8},"end":{"line":33,"column":null}},"4":{"start":{"line":15,"column":4},"end":{"line":32,"column":null}},"5":{"start":{"line":16,"column":21},"end":{"line":16,"column":null}},"6":{"start":{"line":17,"column":6},"end":{"line":17,"column":null}},"7":{"start":{"line":19,"column":6},"end":{"line":26,"column":null}},"8":{"start":{"line":20,"column":8},"end":{"line":20,"column":null}},"9":{"start":{"line":23,"column":8},"end":{"line":23,"column":null}},"10":{"start":{"line":25,"column":8},"end":{"line":25,"column":null}},"11":{"start":{"line":25,"column":25},"end":{"line":25,"column":54}},"12":{"start":{"line":25,"column":46},"end":{"line":25,"column":51}},"13":{"start":{"line":29,"column":6},"end":{"line":29,"column":null}},"14":{"start":{"line":31,"column":6},"end":{"line":31,"column":null}},"15":{"start":{"line":31,"column":23},"end":{"line":31,"column":52}},"16":{"start":{"line":31,"column":44},"end":{"line":31,"column":49}},"17":{"start":{"line":35,"column":2},"end":{"line":37,"column":null}},"18":{"start":{"line":36,"column":4},"end":{"line":36,"column":null}},"19":{"start":{"line":39,"column":8},"end":{"line":42,"column":null}},"20":{"start":{"line":40,"column":4},"end":{"line":40,"column":null}},"21":{"start":{"line":41,"column":4},"end":{"line":41,"column":null}},"22":{"start":{"line":41,"column":25},"end":{"line":41,"column":30}},"23":{"start":{"line":44,"column":2},"end":{"line":50,"column":null}}},"fnMap":{"0":{"name":"useServerStatus","decl":{"start":{"line":9,"column":16},"end":{"line":9,"column":34}},"loc":{"start":{"line":9,"column":34},"end":{"line":51,"column":null}},"line":9},"1":{"name":"(anonymous_1)","decl":{"start":{"line":14,"column":40},"end":{"line":14,"column":52}},"loc":{"start":{"line":14,"column":52},"end":{"line":33,"column":5}},"line":14},"2":{"name":"(anonymous_2)","decl":{"start":{"line":25,"column":19},"end":{"line":25,"column":25}},"loc":{"start":{"line":25,"column":25},"end":{"line":25,"column":54}},"line":25},"3":{"name":"(anonymous_3)","decl":{"start":{"line":25,"column":39},"end":{"line":25,"column":40}},"loc":{"start":{"line":25,"column":46},"end":{"line":25,"column":51}},"line":25},"4":{"name":"(anonymous_4)","decl":{"start":{"line":31,"column":17},"end":{"line":31,"column":23}},"loc":{"start":{"line":31,"column":23},"end":{"line":31,"column":52}},"line":31},"5":{"name":"(anonymous_5)","decl":{"start":{"line":31,"column":37},"end":{"line":31,"column":38}},"loc":{"start":{"line":31,"column":44},"end":{"line":31,"column":49}},"line":31},"6":{"name":"(anonymous_6)","decl":{"start":{"line":35,"column":12},"end":{"line":35,"column":18}},"loc":{"start":{"line":35,"column":18},"end":{"line":37,"column":5}},"line":35},"7":{"name":"(anonymous_7)","decl":{"start":{"line":39,"column":28},"end":{"line":39,"column":34}},"loc":{"start":{"line":39,"column":34},"end":{"line":42,"column":5}},"line":39},"8":{"name":"(anonymous_8)","decl":{"start":{"line":41,"column":18},"end":{"line":41,"column":19}},"loc":{"start":{"line":41,"column":25},"end":{"line":41,"column":30}},"line":41}},"branchMap":{"0":{"loc":{"start":{"line":19,"column":6},"end":{"line":26,"column":null}},"type":"if","locations":[{"start":{"line":19,"column":6},"end":{"line":26,"column":null}},{"start":{"line":21,"column":13},"end":{"line":26,"column":null}}],"line":19},"1":{"loc":{"start":{"line":19,"column":10},"end":{"line":19,"column":59}},"type":"binary-expr","locations":[{"start":{"line":19,"column":10},"end":{"line":19,"column":33}},{"start":{"line":19,"column":33},"end":{"line":19,"column":59}}],"line":19},"2":{"loc":{"start":{"line":48,"column":16},"end":{"line":48,"column":null}},"type":"binary-expr","locations":[{"start":{"line":48,"column":16},"end":{"line":48,"column":41}},{"start":{"line":48,"column":41},"end":{"line":48,"column":null}}],"line":48}},"s":{"0":15,"1":15,"2":15,"3":15,"4":8,"5":8,"6":7,"7":7,"8":5,"9":2,"10":2,"11":0,"12":0,"13":1,"14":1,"15":0,"16":0,"17":15,"18":8,"19":15,"20":1,"21":1,"22":1,"23":15},"f":{"0":15,"1":8,"2":0,"3":0,"4":0,"5":0,"6":8,"7":1,"8":1},"b":{"0":[5,2],"1":[7,6],"2":[15,12]},"meta":{"lastBranch":3,"lastFunction":9,"lastStatement":24,"seen":{"f:9:16:9:34":0,"s:10:26:10:Infinity":0,"s:11:34:11:Infinity":1,"s:12:34:12:Infinity":2,"s:14:8:33:Infinity":3,"f:14:40:14:52":1,"s:15:4:32:Infinity":4,"s:16:21:16:Infinity":5,"s:17:6:17:Infinity":6,"b:19:6:26:Infinity:21:13:26:Infinity":0,"s:19:6:26:Infinity":7,"b:19:10:19:33:19:33:19:59":1,"s:20:8:20:Infinity":8,"s:23:8:23:Infinity":9,"s:25:8:25:Infinity":10,"f:25:19:25:25":2,"s:25:25:25:54":11,"f:25:39:25:40":3,"s:25:46:25:51":12,"s:29:6:29:Infinity":13,"s:31:6:31:Infinity":14,"f:31:17:31:23":4,"s:31:23:31:52":15,"f:31:37:31:38":5,"s:31:44:31:49":16,"s:35:2:37:Infinity":17,"f:35:12:35:18":6,"s:36:4:36:Infinity":18,"s:39:8:42:Infinity":19,"f:39:28:39:34":7,"s:40:4:40:Infinity":20,"s:41:4:41:Infinity":21,"f:41:18:41:19":8,"s:41:25:41:30":22,"s:44:2:50:Infinity":23,"b:48:16:48:41:48:41:48:Infinity":2}}}
,"F:\\repository\\simple-rag-app\\frontend\\lib\\api.ts": {"path":"F:\\repository\\simple-rag-app\\frontend\\lib\\api.ts","statementMap":{"0":{"start":{"line":18,"column":31},"end":{"line":18,"column":null}},"1":{"start":{"line":24,"column":19},"end":{"line":24,"column":null}},"2":{"start":{"line":25,"column":2},"end":{"line":27,"column":null}},"3":{"start":{"line":26,"column":4},"end":{"line":26,"column":null}},"4":{"start":{"line":28,"column":2},"end":{"line":28,"column":null}},"5":{"start":{"line":35,"column":19},"end":{"line":35,"column":null}},"6":{"start":{"line":36,"column":2},"end":{"line":38,"column":null}},"7":{"start":{"line":37,"column":4},"end":{"line":37,"column":null}},"8":{"start":{"line":39,"column":37},"end":{"line":39,"column":null}},"9":{"start":{"line":40,"column":2},"end":{"line":46,"column":null}},"10":{"start":{"line":40,"column":38},"end":{"line":46,"column":4}},"11":{"start":{"line":55,"column":19},"end":{"line":55,"column":null}},"12":{"start":{"line":56,"column":2},"end":{"line":56,"column":null}},"13":{"start":{"line":58,"column":19},"end":{"line":61,"column":null}},"14":{"start":{"line":63,"column":2},"end":{"line":66,"column":null}},"15":{"start":{"line":64,"column":18},"end":{"line":64,"column":null}},"16":{"start":{"line":65,"column":4},"end":{"line":65,"column":null}},"17":{"start":{"line":68,"column":2},"end":{"line":68,"column":null}},"18":{"start":{"line":75,"column":19},"end":{"line":77,"column":null}},"19":{"start":{"line":79,"column":2},"end":{"line":82,"column":null}},"20":{"start":{"line":80,"column":18},"end":{"line":80,"column":null}},"21":{"start":{"line":81,"column":4},"end":{"line":81,"column":null}},"22":{"start":{"line":91,"column":19},"end":{"line":93,"column":null}},"23":{"start":{"line":95,"column":2},"end":{"line":98,"column":null}},"24":{"start":{"line":96,"column":18},"end":{"line":96,"column":null}},"25":{"start":{"line":97,"column":4},"end":{"line":97,"column":null}},"26":{"start":{"line":100,"column":40},"end":{"line":100,"column":null}},"27":{"start":{"line":101,"column":2},"end":{"line":105,"column":null}},"28":{"start":{"line":112,"column":19},"end":{"line":114,"column":null}},"29":{"start":{"line":116,"column":2},"end":{"line":119,"column":null}},"30":{"start":{"line":117,"column":18},"end":{"line":117,"column":null}},"31":{"start":{"line":118,"column":4},"end":{"line":118,"column":null}},"32":{"start":{"line":121,"column":2},"end":{"line":121,"column":null}},"33":{"start":{"line":131,"column":19},"end":{"line":140,"column":null}},"34":{"start":{"line":138,"column":35},"end":{"line":138,"column":72}},"35":{"start":{"line":142,"column":2},"end":{"line":144,"column":null}},"36":{"start":{"line":143,"column":4},"end":{"line":143,"column":null}},"37":{"start":{"line":146,"column":17},"end":{"line":146,"column":null}},"38":{"start":{"line":147,"column":2},"end":{"line":149,"column":null}},"39":{"start":{"line":148,"column":4},"end":{"line":148,"column":null}},"40":{"start":{"line":151,"column":18},"end":{"line":151,"column":null}},"41":{"start":{"line":152,"column":15},"end":{"line":152,"column":null}},"42":{"start":{"line":154,"column":2},"end":{"line":179,"column":null}},"43":{"start":{"line":155,"column":28},"end":{"line":155,"column":null}},"44":{"start":{"line":156,"column":4},"end":{"line":156,"column":null}},"45":{"start":{"line":156,"column":14},"end":{"line":156,"column":null}},"46":{"start":{"line":158,"column":4},"end":{"line":158,"column":null}},"47":{"start":{"line":161,"column":18},"end":{"line":161,"column":null}},"48":{"start":{"line":162,"column":4},"end":{"line":162,"column":null}},"49":{"start":{"line":164,"column":38},"end":{"line":164,"column":null}},"50":{"start":{"line":166,"column":4},"end":{"line":178,"column":null}},"51":{"start":{"line":167,"column":6},"end":{"line":177,"column":null}},"52":{"start":{"line":168,"column":8},"end":{"line":168,"column":null}},"53":{"start":{"line":169,"column":6},"end":{"line":177,"column":null}},"54":{"start":{"line":170,"column":8},"end":{"line":175,"column":null}},"55":{"start":{"line":171,"column":23},"end":{"line":171,"column":null}},"56":{"start":{"line":172,"column":10},"end":{"line":172,"column":null}},"57":{"start":{"line":176,"column":8},"end":{"line":176,"column":null}},"58":{"start":{"line":193,"column":2},"end":{"line":198,"column":null}},"59":{"start":{"line":193,"column":32},"end":{"line":198,"column":4}}},"fnMap":{"0":{"name":"checkHealth","decl":{"start":{"line":23,"column":22},"end":{"line":23,"column":61}},"loc":{"start":{"line":23,"column":61},"end":{"line":29,"column":null}},"line":23},"1":{"name":"fetchDocuments","decl":{"start":{"line":34,"column":22},"end":{"line":34,"column":60}},"loc":{"start":{"line":34,"column":60},"end":{"line":47,"column":null}},"line":34},"2":{"name":"(anonymous_2)","decl":{"start":{"line":40,"column":28},"end":{"line":40,"column":29}},"loc":{"start":{"line":40,"column":38},"end":{"line":46,"column":4}},"line":40},"3":{"name":"uploadDocument","decl":{"start":{"line":52,"column":22},"end":{"line":52,"column":null}},"loc":{"start":{"line":54,"column":35},"end":{"line":69,"column":null}},"line":54},"4":{"name":"deleteDocument","decl":{"start":{"line":74,"column":22},"end":{"line":74,"column":37}},"loc":{"start":{"line":74,"column":67},"end":{"line":83,"column":null}},"line":74},"5":{"name":"fetchDocumentContent","decl":{"start":{"line":88,"column":22},"end":{"line":88,"column":null}},"loc":{"start":{"line":90,"column":69},"end":{"line":106,"column":null}},"line":90},"6":{"name":"rebuildVectorstore","decl":{"start":{"line":111,"column":22},"end":{"line":111,"column":69}},"loc":{"start":{"line":111,"column":69},"end":{"line":122,"column":null}},"line":111},"7":{"name":"streamChat","decl":{"start":{"line":127,"column":23},"end":{"line":127,"column":null}},"loc":{"start":{"line":130,"column":43},"end":{"line":180,"column":null}},"line":130},"8":{"name":"(anonymous_8)","decl":{"start":{"line":138,"column":27},"end":{"line":138,"column":28}},"loc":{"start":{"line":138,"column":35},"end":{"line":138,"column":72}},"line":138},"9":{"name":"parseSourcesFromAPI","decl":{"start":{"line":185,"column":16},"end":{"line":185,"column":null}},"loc":{"start":{"line":192,"column":12},"end":{"line":199,"column":null}},"line":192},"10":{"name":"(anonymous_10)","decl":{"start":{"line":193,"column":24},"end":{"line":193,"column":25}},"loc":{"start":{"line":193,"column":32},"end":{"line":198,"column":4}},"line":193}},"branchMap":{"0":{"loc":{"start":{"line":25,"column":2},"end":{"line":27,"column":null}},"type":"if","locations":[{"start":{"line":25,"column":2},"end":{"line":27,"column":null}},{"start":{},"end":{}}],"line":25},"1":{"loc":{"start":{"line":36,"column":2},"end":{"line":38,"column":null}},"type":"if","locations":[{"start":{"line":36,"column":2},"end":{"line":38,"column":null}},{"start":{},"end":{}}],"line":36},"2":{"loc":{"start":{"line":45,"column":15},"end":{"line":45,"column":null}},"type":"binary-expr","locations":[{"start":{"line":45,"column":15},"end":{"line":45,"column":33}},{"start":{"line":45,"column":33},"end":{"line":45,"column":null}}],"line":45},"3":{"loc":{"start":{"line":63,"column":2},"end":{"line":66,"column":null}},"type":"if","locations":[{"start":{"line":63,"column":2},"end":{"line":66,"column":null}},{"start":{},"end":{}}],"line":63},"4":{"loc":{"start":{"line":65,"column":20},"end":{"line":65,"column":51}},"type":"binary-expr","locations":[{"start":{"line":65,"column":20},"end":{"line":65,"column":36}},{"start":{"line":65,"column":36},"end":{"line":65,"column":51}}],"line":65},"5":{"loc":{"start":{"line":79,"column":2},"end":{"line":82,"column":null}},"type":"if","locations":[{"start":{"line":79,"column":2},"end":{"line":82,"column":null}},{"start":{},"end":{}}],"line":79},"6":{"loc":{"start":{"line":81,"column":20},"end":{"line":81,"column":51}},"type":"binary-expr","locations":[{"start":{"line":81,"column":20},"end":{"line":81,"column":36}},{"start":{"line":81,"column":36},"end":{"line":81,"column":51}}],"line":81},"7":{"loc":{"start":{"line":95,"column":2},"end":{"line":98,"column":null}},"type":"if","locations":[{"start":{"line":95,"column":2},"end":{"line":98,"column":null}},{"start":{},"end":{}}],"line":95},"8":{"loc":{"start":{"line":97,"column":20},"end":{"line":97,"column":70}},"type":"binary-expr","locations":[{"start":{"line":97,"column":20},"end":{"line":97,"column":36}},{"start":{"line":97,"column":36},"end":{"line":97,"column":70}}],"line":97},"9":{"loc":{"start":{"line":116,"column":2},"end":{"line":119,"column":null}},"type":"if","locations":[{"start":{"line":116,"column":2},"end":{"line":119,"column":null}},{"start":{},"end":{}}],"line":116},"10":{"loc":{"start":{"line":118,"column":20},"end":{"line":118,"column":52}},"type":"binary-expr","locations":[{"start":{"line":118,"column":20},"end":{"line":118,"column":36}},{"start":{"line":118,"column":36},"end":{"line":118,"column":52}}],"line":118},"11":{"loc":{"start":{"line":142,"column":2},"end":{"line":144,"column":null}},"type":"if","locations":[{"start":{"line":142,"column":2},"end":{"line":144,"column":null}},{"start":{},"end":{}}],"line":142},"12":{"loc":{"start":{"line":147,"column":2},"end":{"line":149,"column":null}},"type":"if","locations":[{"start":{"line":147,"column":2},"end":{"line":149,"column":null}},{"start":{},"end":{}}],"line":147},"13":{"loc":{"start":{"line":156,"column":4},"end":{"line":156,"column":null}},"type":"if","locations":[{"start":{"line":156,"column":4},"end":{"line":156,"column":null}},{"start":{},"end":{}}],"line":156},"14":{"loc":{"start":{"line":162,"column":13},"end":{"line":162,"column":null}},"type":"binary-expr","locations":[{"start":{"line":162,"column":13},"end":{"line":162,"column":28}},{"start":{"line":162,"column":28},"end":{"line":162,"column":null}}],"line":162},"15":{"loc":{"start":{"line":167,"column":6},"end":{"line":177,"column":null}},"type":"if","locations":[{"start":{"line":167,"column":6},"end":{"line":177,"column":null}},{"start":{"line":169,"column":6},"end":{"line":177,"column":null}}],"line":167},"16":{"loc":{"start":{"line":169,"column":6},"end":{"line":177,"column":null}},"type":"if","locations":[{"start":{"line":169,"column":6},"end":{"line":177,"column":null}},{"start":{},"end":{}}],"line":169},"17":{"loc":{"start":{"line":169,"column":17},"end":{"line":169,"column":60}},"type":"binary-expr","locations":[{"start":{"line":169,"column":17},"end":{"line":169,"column":46}},{"start":{"line":169,"column":46},"end":{"line":169,"column":60}}],"line":169}},"s":{"0":4,"1":10,"2":9,"3":1,"4":8,"5":22,"6":22,"7":2,"8":20,"9":20,"10":40,"11":5,"12":5,"13":5,"14":5,"15":1,"16":1,"17":4,"18":4,"19":4,"20":2,"21":2,"22":2,"23":2,"24":1,"25":1,"26":1,"27":1,"28":5,"29":5,"30":2,"31":2,"32":3,"33":7,"34":0,"35":5,"36":0,"37":5,"38":7,"39":0,"40":5,"41":5,"42":5,"43":16,"44":15,"45":4,"46":11,"47":11,"48":11,"49":16,"50":16,"51":33,"52":11,"53":22,"54":11,"55":11,"56":11,"57":11,"58":4,"59":4},"f":{"0":10,"1":22,"2":40,"3":5,"4":4,"5":2,"6":5,"7":7,"8":0,"9":4,"10":4},"b":{"0":[1,8],"1":[2,20],"2":[40,0],"3":[1,4],"4":[1,0],"5":[2,2],"6":[2,0],"7":[1,1],"8":[1,0],"9":[2,3],"10":[2,0],"11":[0,5],"12":[0,7],"13":[4,11],"14":[11,11],"15":[11,22],"16":[11,11],"17":[22,11]},"meta":{"lastBranch":18,"lastFunction":11,"lastStatement":60,"seen":{"s:18:31:18:Infinity":0,"f:23:22:23:61":0,"s:24:19:24:Infinity":1,"b:25:2:27:Infinity:undefined:undefined:undefined:undefined":0,"s:25:2:27:Infinity":2,"s:26:4:26:Infinity":3,"s:28:2:28:Infinity":4,"f:34:22:34:60":1,"s:35:19:35:Infinity":5,"b:36:2:38:Infinity:undefined:undefined:undefined:undefined":1,"s:36:2:38:Infinity":6,"s:37:4:37:Infinity":7,"s:39:37:39:Infinity":8,"s:40:2:46:Infinity":9,"f:40:28:40:29":2,"s:40:38:46:4":10,"b:45:15:45:33:45:33:45:Infinity":2,"f:52:22:52:Infinity":3,"s:55:19:55:Infinity":11,"s:56:2:56:Infinity":12,"s:58:19:61:Infinity":13,"b:63:2:66:Infinity:undefined:undefined:undefined:undefined":3,"s:63:2:66:Infinity":14,"s:64:18:64:Infinity":15,"s:65:4:65:Infinity":16,"b:65:20:65:36:65:36:65:51":4,"s:68:2:68:Infinity":17,"f:74:22:74:37":4,"s:75:19:77:Infinity":18,"b:79:2:82:Infinity:undefined:undefined:undefined:undefined":5,"s:79:2:82:Infinity":19,"s:80:18:80:Infinity":20,"s:81:4:81:Infinity":21,"b:81:20:81:36:81:36:81:51":6,"f:88:22:88:Infinity":5,"s:91:19:93:Infinity":22,"b:95:2:98:Infinity:undefined:undefined:undefined:undefined":7,"s:95:2:98:Infinity":23,"s:96:18:96:Infinity":24,"s:97:4:97:Infinity":25,"b:97:20:97:36:97:36:97:70":8,"s:100:40:100:Infinity":26,"s:101:2:105:Infinity":27,"f:111:22:111:69":6,"s:112:19:114:Infinity":28,"b:116:2:119:Infinity:undefined:undefined:undefined:undefined":9,"s:116:2:119:Infinity":29,"s:117:18:117:Infinity":30,"s:118:4:118:Infinity":31,"b:118:20:118:36:118:36:118:52":10,"s:121:2:121:Infinity":32,"f:127:23:127:Infinity":7,"s:131:19:140:Infinity":33,"f:138:27:138:28":8,"s:138:35:138:72":34,"b:142:2:144:Infinity:undefined:undefined:undefined:undefined":11,"s:142:2:144:Infinity":35,"s:143:4:143:Infinity":36,"s:146:17:146:Infinity":37,"b:147:2:149:Infinity:undefined:undefined:undefined:undefined":12,"s:147:2:149:Infinity":38,"s:148:4:148:Infinity":39,"s:151:18:151:Infinity":40,"s:152:15:152:Infinity":41,"s:154:2:179:Infinity":42,"s:155:28:155:Infinity":43,"b:156:4:156:Infinity:undefined:undefined:undefined:undefined":13,"s:156:4:156:Infinity":44,"s:156:14:156:Infinity":45,"s:158:4:158:Infinity":46,"s:161:18:161:Infinity":47,"s:162:4:162:Infinity":48,"b:162:13:162:28:162:28:162:Infinity":14,"s:164:38:164:Infinity":49,"s:166:4:178:Infinity":50,"b:167:6:177:Infinity:169:6:177:Infinity":15,"s:167:6:177:Infinity":51,"s:168:8:168:Infinity":52,"b:169:6:177:Infinity:undefined:undefined:undefined:undefined":16,"s:169:6:177:Infinity":53,"b:169:17:169:46:169:46:169:60":17,"s:170:8:175:Infinity":54,"s:171:23:171:Infinity":55,"s:172:10:172:Infinity":56,"s:176:8:176:Infinity":57,"f:185:16:185:Infinity":9,"s:193:2:198:Infinity":58,"f:193:24:193:25":10,"s:193:32:198:4":59}}}
}
